# JRE version: Java(TM) SE Runtime Environment (8.0_101-b13) (build 1.8.0_101-b13)
# Java VM: Java HotSpot(TM) 64-Bit Server VM (25.101-b13 mixed mode bsd-amd64 compressed oops)
Heap:
 PSYoungGen      total 236032K, used 119503K [0x0000000795580000, 0x00000007a5480000, 0x00000007c0000000)
  eden space 218624K, 46% used [0x0000000795580000,0x000000079b9b1788,0x00000007a2b00000)
  from space 17408K, 97% used [0x00000007a4380000,0x00000007a54027d0,0x00000007a5480000)
  to   space 19968K, 0% used [0x00000007a2d80000,0x00000007a2d80000,0x00000007a4100000)
 ParOldGen       total 87040K, used 22476K [0x0000000740000000, 0x0000000745500000, 0x0000000795580000)
  object space 87040K, 25% used [0x0000000740000000,0x00000007415f33e8,0x0000000745500000)
 Metaspace       used 55309K, capacity 57714K, committed 57984K, reserved 1099776K
  class space    used 7299K, capacity 7730K, committed 7808K, reserved 1048576K
GC Heap History (10 events):
Event: 4.262 GC heap before
{Heap before GC invocations=8 (full 1):
 PSYoungGen      total 114688K, used 114431K [0x0000000795580000, 0x000000079d080000, 0x00000007c0000000)
  eden space 105984K, 100% used [0x0000000795580000,0x000000079bd00000,0x000000079bd00000)
  from space 8704K, 97% used [0x000000079c800000,0x000000079d03fc40,0x000000079d080000)
  to   space 9728K, 0% used [0x000000079bd80000,0x000000079bd80000,0x000000079c700000)
 ParOldGen       total 53760K, used 5598K [0x0000000740000000, 0x0000000743480000, 0x0000000795580000)
  object space 53760K, 10% used [0x0000000740000000,0x0000000740577bf8,0x0000000743480000)
 Metaspace       used 30194K, capacity 31666K, committed 31872K, reserved 1077248K
  class space    used 4062K, capacity 4374K, committed 4480K, reserved 1048576K
Event: 4.290 GC heap after
Heap after GC invocations=8 (full 1):
 PSYoungGen      total 116224K, used 9711K [0x0000000795580000, 0x00000007a1480000, 0x00000007c0000000)
  eden space 106496K, 0% used [0x0000000795580000,0x0000000795580000,0x000000079bd80000)
  from space 9728K, 99% used [0x000000079bd80000,0x000000079c6fbfd8,0x000000079c700000)
  to   space 13824K, 0% used [0x00000007a0700000,0x00000007a0700000,0x00000007a1480000)
 ParOldGen       total 53760K, used 10794K [0x0000000740000000, 0x0000000743480000, 0x0000000795580000)
  object space 53760K, 20% used [0x0000000740000000,0x0000000740a8a960,0x0000000743480000)
 Metaspace       used 30194K, capacity 31666K, committed 31872K, reserved 1077248K
  class space    used 4062K, capacity 4374K, committed 4480K, reserved 1048576K
}
Event: 4.646 GC heap before
{Heap before GC invocations=9 (full 1):
 PSYoungGen      total 116224K, used 33535K [0x0000000795580000, 0x00000007a1480000, 0x00000007c0000000)
  eden space 106496K, 22% used [0x0000000795580000,0x0000000796cc3cf0,0x000000079bd80000)
  from space 9728K, 99% used [0x000000079bd80000,0x000000079c6fbfd8,0x000000079c700000)
  to   space 13824K, 0% used [0x00000007a0700000,0x00000007a0700000,0x00000007a1480000)
 ParOldGen       total 53760K, used 10794K [0x0000000740000000, 0x0000000743480000, 0x0000000795580000)
  object space 53760K, 20% used [0x0000000740000000,0x0000000740a8a960,0x0000000743480000)
 Metaspace       used 33940K, capacity 35384K, committed 35456K, reserved 1079296K
  class space    used 4439K, capacity 4735K, committed 4736K, reserved 1048576K
Event: 4.690 GC heap after
Heap after GC invocations=9 (full 1):
 PSYoungGen      total 180224K, used 13031K [0x0000000795580000, 0x00000007a2380000, 0x00000007c0000000)
  eden space 166400K, 0% used [0x0000000795580000,0x0000000795580000,0x000000079f800000)
  from space 13824K, 94% used [0x00000007a0700000,0x00000007a13b9ee8,0x00000007a1480000)
  to   space 15360K, 0% used [0x000000079f800000,0x000000079f800000,0x00000007a0700000)
 ParOldGen       total 53760K, used 10866K [0x0000000740000000, 0x0000000743480000, 0x0000000795580000)
  object space 53760K, 20% used [0x0000000740000000,0x0000000740a9c970,0x0000000743480000)
 Metaspace       used 33940K, capacity 35384K, committed 35456K, reserved 1079296K
  class space    used 4439K, capacity 4735K, committed 4736K, reserved 1048576K
}
Event: 4.690 GC heap before
{Heap before GC invocations=10 (full 2):
 PSYoungGen      total 180224K, used 13031K [0x0000000795580000, 0x00000007a2380000, 0x00000007c0000000)
  eden space 166400K, 0% used [0x0000000795580000,0x0000000795580000,0x000000079f800000)
  from space 13824K, 94% used [0x00000007a0700000,0x00000007a13b9ee8,0x00000007a1480000)
  to   space 15360K, 0% used [0x000000079f800000,0x000000079f800000,0x00000007a0700000)
 ParOldGen       total 53760K, used 10866K [0x0000000740000000, 0x0000000743480000, 0x0000000795580000)
  object space 53760K, 20% used [0x0000000740000000,0x0000000740a9c970,0x0000000743480000)
 Metaspace       used 33940K, capacity 35384K, committed 35456K, reserved 1079296K
  class space    used 4439K, capacity 4735K, committed 4736K, reserved 1048576K
Event: 4.810 GC heap after
Heap after GC invocations=10 (full 2):
 PSYoungGen      total 180224K, used 0K [0x0000000795580000, 0x00000007a2380000, 0x00000007c0000000)
  eden space 166400K, 0% used [0x0000000795580000,0x0000000795580000,0x000000079f800000)
  from space 13824K, 0% used [0x00000007a0700000,0x00000007a0700000,0x00000007a1480000)
  to   space 15360K, 0% used [0x000000079f800000,0x000000079f800000,0x00000007a0700000)
 ParOldGen       total 87040K, used 20272K [0x0000000740000000, 0x0000000745500000, 0x0000000795580000)
  object space 87040K, 23% used [0x0000000740000000,0x00000007413cc3a8,0x0000000745500000)
 Metaspace       used 33940K, capacity 35384K, committed 35456K, reserved 1079296K
  class space    used 4439K, capacity 4735K, committed 4736K, reserved 1048576K
}
Event: 6.700 GC heap before
{Heap before GC invocations=11 (full 2):
 PSYoungGen      total 180224K, used 166400K [0x0000000795580000, 0x00000007a2380000, 0x00000007c0000000)
  eden space 166400K, 100% used [0x0000000795580000,0x000000079f800000,0x000000079f800000)
  from space 13824K, 0% used [0x00000007a0700000,0x00000007a0700000,0x00000007a1480000)
  to   space 15360K, 0% used [0x000000079f800000,0x000000079f800000,0x00000007a0700000)
 ParOldGen       total 87040K, used 20272K [0x0000000740000000, 0x0000000745500000, 0x0000000795580000)
  object space 87040K, 23% used [0x0000000740000000,0x00000007413cc3a8,0x0000000745500000)
 Metaspace       used 47109K, capacity 49142K, committed 49280K, reserved 1091584K
  class space    used 6304K, capacity 6706K, committed 6784K, reserved 1048576K
Event: 6.742 GC heap after
Heap after GC invocations=11 (full 2):
 PSYoungGen      total 181760K, used 15342K [0x0000000795580000, 0x00000007a5580000, 0x00000007c0000000)
  eden space 166400K, 0% used [0x0000000795580000,0x0000000795580000,0x000000079f800000)
  from space 15360K, 99% used [0x000000079f800000,0x00000007a06fb900,0x00000007a0700000)
  to   space 18432K, 0% used [0x00000007a4380000,0x00000007a4380000,0x00000007a5580000)
 ParOldGen       total 87040K, used 22468K [0x0000000740000000, 0x0000000745500000, 0x0000000795580000)
  object space 87040K, 25% used [0x0000000740000000,0x00000007415f13e8,0x0000000745500000)
 Metaspace       used 47109K, capacity 49142K, committed 49280K, reserved 1091584K
  class space    used 6304K, capacity 6706K, committed 6784K, reserved 1048576K
}
Event: 26.274 GC heap before
{Heap before GC invocations=12 (full 2):
 PSYoungGen      total 181760K, used 181742K [0x0000000795580000, 0x00000007a5580000, 0x00000007c0000000)
  eden space 166400K, 100% used [0x0000000795580000,0x000000079f800000,0x000000079f800000)
  from space 15360K, 99% used [0x000000079f800000,0x00000007a06fb900,0x00000007a0700000)
  to   space 18432K, 0% used [0x00000007a4380000,0x00000007a4380000,0x00000007a5580000)
 ParOldGen       total 87040K, used 22468K [0x0000000740000000, 0x0000000745500000, 0x0000000795580000)
  object space 87040K, 25% used [0x0000000740000000,0x00000007415f13e8,0x0000000745500000)
 Metaspace       used 54223K, capacity 56568K, committed 56832K, reserved 1097728K
  class space    used 7174K, capacity 7607K, committed 7680K, reserved 1048576K
Event: 26.313 GC heap after
Heap after GC invocations=12 (full 2):
 PSYoungGen      total 236032K, used 16905K [0x0000000795580000, 0x00000007a5480000, 0x00000007c0000000)
  eden space 218624K, 0% used [0x0000000795580000,0x0000000795580000,0x00000007a2b00000)
  from space 17408K, 97% used [0x00000007a4380000,0x00000007a54027d0,0x00000007a5480000)
  to   space 19968K, 0% used [0x00000007a2d80000,0x00000007a2d80000,0x00000007a4100000)
 ParOldGen       total 87040K, used 22476K [0x0000000740000000, 0x0000000745500000, 0x0000000795580000)
  object space 87040K, 25% used [0x0000000740000000,0x00000007415f33e8,0x0000000745500000)
 Metaspace       used 54223K, capacity 56568K, committed 56832K, reserved 1097728K
  class space    used 7174K, capacity 7607K, committed 7680K, reserved 1048576K
}

